CRITICAL - 2023-06-20 16:17:36 --> Undefined variable $film
in APPPATH\Views\semuafilm.php on line 24.
 1 APPPATH\Views\semuafilm.php(24): CodeIgniter\Debug\Exceptions->errorHandler(2, 'Undefined variable $film', 'C:\\xampp\\htdocs\\fafa10\\app\\Views\\semuafilm.php', 24)
 2 SYSTEMPATH\View\View.php(213): include('C:\\xampp\\htdocs\\fafa10\\app\\Views\\semuafilm.php')
 3 SYSTEMPATH\View\View.php(216): CodeIgniter\View\View->CodeIgniter\View\{closure}()
 4 SYSTEMPATH\Common.php(1184): CodeIgniter\View\View->render('semuafilm', [], true)
 5 APPPATH\Controllers\Film.php(28): view('semuafilm', [...])
 6 SYSTEMPATH\CodeIgniter.php(934): App\Controllers\Film->all()
 7 SYSTEMPATH\CodeIgniter.php(499): CodeIgniter\CodeIgniter->runController(Object(App\Controllers\Film))
 8 SYSTEMPATH\CodeIgniter.php(368): CodeIgniter\CodeIgniter->handleRequest(null, Object(Config\Cache), false)
 9 FCPATH\index.php(67): CodeIgniter\CodeIgniter->run()
10 SYSTEMPATH\Commands\Server\rewrite.php(47): require_once('C:\\xampp\\htdocs\\fafa10\\public\\index.php')
CRITICAL - 2023-06-20 16:18:13 --> Array to string conversion
in APPPATH\Views\semuafilm.php on line 24.
 1 APPPATH\Views\semuafilm.php(24): CodeIgniter\Debug\Exceptions->errorHandler(2, 'Array to string conversion', 'C:\\xampp\\htdocs\\fafa10\\app\\Views\\semuafilm.php', 24)
 2 SYSTEMPATH\View\View.php(213): include('C:\\xampp\\htdocs\\fafa10\\app\\Views\\semuafilm.php')
 3 SYSTEMPATH\View\View.php(216): CodeIgniter\View\View->CodeIgniter\View\{closure}()
 4 SYSTEMPATH\Common.php(1184): CodeIgniter\View\View->render('semuafilm', [], true)
 5 APPPATH\Controllers\Film.php(28): view('semuafilm', [...])
 6 SYSTEMPATH\CodeIgniter.php(934): App\Controllers\Film->all()
 7 SYSTEMPATH\CodeIgniter.php(499): CodeIgniter\CodeIgniter->runController(Object(App\Controllers\Film))
 8 SYSTEMPATH\CodeIgniter.php(368): CodeIgniter\CodeIgniter->handleRequest(null, Object(Config\Cache), false)
 9 FCPATH\index.php(67): CodeIgniter\CodeIgniter->run()
10 SYSTEMPATH\Commands\Server\rewrite.php(47): require_once('C:\\xampp\\htdocs\\fafa10\\public\\index.php')
CRITICAL - 2023-06-20 17:19:23 --> Undefined variable $semuaFilm
in APPPATH\Views\semuafilm.php on line 8.
 1 APPPATH\Views\semuafilm.php(8): CodeIgniter\Debug\Exceptions->errorHandler(2, 'Undefined variable $semuaFilm', 'C:\\xampp\\htdocs\\fafa10\\app\\Views\\semuafilm.php', 8)
 2 SYSTEMPATH\View\View.php(213): include('C:\\xampp\\htdocs\\fafa10\\app\\Views\\semuafilm.php')
 3 SYSTEMPATH\View\View.php(216): CodeIgniter\View\View->CodeIgniter\View\{closure}()
 4 SYSTEMPATH\Common.php(1184): CodeIgniter\View\View->render('semuafilm', [], true)
 5 APPPATH\Controllers\Film.php(31): view('semuafilm', [...])
 6 SYSTEMPATH\CodeIgniter.php(934): App\Controllers\Film->all()
 7 SYSTEMPATH\CodeIgniter.php(499): CodeIgniter\CodeIgniter->runController(Object(App\Controllers\Film))
 8 SYSTEMPATH\CodeIgniter.php(368): CodeIgniter\CodeIgniter->handleRequest(null, Object(Config\Cache), false)
 9 FCPATH\index.php(67): CodeIgniter\CodeIgniter->run()
10 SYSTEMPATH\Commands\Server\rewrite.php(47): require_once('C:\\xampp\\htdocs\\fafa10\\public\\index.php')
CRITICAL - 2023-06-20 17:19:28 --> Undefined variable $semuaFilm
in APPPATH\Views\semuafilm.php on line 8.
 1 APPPATH\Views\semuafilm.php(8): CodeIgniter\Debug\Exceptions->errorHandler(2, 'Undefined variable $semuaFilm', 'C:\\xampp\\htdocs\\fafa10\\app\\Views\\semuafilm.php', 8)
 2 SYSTEMPATH\View\View.php(213): include('C:\\xampp\\htdocs\\fafa10\\app\\Views\\semuafilm.php')
 3 SYSTEMPATH\View\View.php(216): CodeIgniter\View\View->CodeIgniter\View\{closure}()
 4 SYSTEMPATH\Common.php(1184): CodeIgniter\View\View->render('semuafilm', [], true)
 5 APPPATH\Controllers\Film.php(31): view('semuafilm', [...])
 6 SYSTEMPATH\CodeIgniter.php(934): App\Controllers\Film->all()
 7 SYSTEMPATH\CodeIgniter.php(499): CodeIgniter\CodeIgniter->runController(Object(App\Controllers\Film))
 8 SYSTEMPATH\CodeIgniter.php(368): CodeIgniter\CodeIgniter->handleRequest(null, Object(Config\Cache), false)
 9 FCPATH\index.php(67): CodeIgniter\CodeIgniter->run()
10 SYSTEMPATH\Commands\Server\rewrite.php(47): require_once('C:\\xampp\\htdocs\\fafa10\\public\\index.php')
CRITICAL - 2023-06-20 17:55:52 --> Invalid file: "layout/page_layout.php"
in SYSTEMPATH\Exceptions\FrameworkException.php on line 33.
 1 SYSTEMPATH\View\View.php(201): CodeIgniter\Exceptions\FrameworkException::forInvalidFile('layout/page_layout.php')
 2 SYSTEMPATH\View\View.php(229): CodeIgniter\View\View->render('layout/page_layout', [], true)
 3 SYSTEMPATH\Common.php(1184): CodeIgniter\View\View->render('index', [], true)
 4 APPPATH\Controllers\Film.php(26): view('index', [...])
 5 SYSTEMPATH\CodeIgniter.php(934): App\Controllers\Film->index()
 6 SYSTEMPATH\CodeIgniter.php(499): CodeIgniter\CodeIgniter->runController(Object(App\Controllers\Film))
 7 SYSTEMPATH\CodeIgniter.php(368): CodeIgniter\CodeIgniter->handleRequest(null, Object(Config\Cache), false)
 8 FCPATH\index.php(67): CodeIgniter\CodeIgniter->run()
 9 SYSTEMPATH\Commands\Server\rewrite.php(47): require_once('C:\\xampp\\htdocs\\fafa10\\public\\index.php')
CRITICAL - 2023-06-20 17:59:05 --> Invalid file: "layout/page_layout.php"
in SYSTEMPATH\Exceptions\FrameworkException.php on line 33.
 1 SYSTEMPATH\View\View.php(201): CodeIgniter\Exceptions\FrameworkException::forInvalidFile('layout/page_layout.php')
 2 SYSTEMPATH\View\View.php(229): CodeIgniter\View\View->render('layout/page_layout', [], true)
 3 SYSTEMPATH\Common.php(1184): CodeIgniter\View\View->render('index', [], true)
 4 APPPATH\Controllers\Film.php(26): view('index', [...])
 5 SYSTEMPATH\CodeIgniter.php(934): App\Controllers\Film->index()
 6 SYSTEMPATH\CodeIgniter.php(499): CodeIgniter\CodeIgniter->runController(Object(App\Controllers\Film))
 7 SYSTEMPATH\CodeIgniter.php(368): CodeIgniter\CodeIgniter->handleRequest(null, Object(Config\Cache), false)
 8 FCPATH\index.php(67): CodeIgniter\CodeIgniter->run()
 9 SYSTEMPATH\Commands\Server\rewrite.php(47): require_once('C:\\xampp\\htdocs\\fafa10\\public\\index.php')
CRITICAL - 2023-06-20 17:59:06 --> Invalid file: "layout/page_layout.php"
in SYSTEMPATH\Exceptions\FrameworkException.php on line 33.
 1 SYSTEMPATH\View\View.php(201): CodeIgniter\Exceptions\FrameworkException::forInvalidFile('layout/page_layout.php')
 2 SYSTEMPATH\View\View.php(229): CodeIgniter\View\View->render('layout/page_layout', [], true)
 3 SYSTEMPATH\Common.php(1184): CodeIgniter\View\View->render('index', [], true)
 4 APPPATH\Controllers\Film.php(26): view('index', [...])
 5 SYSTEMPATH\CodeIgniter.php(934): App\Controllers\Film->index()
 6 SYSTEMPATH\CodeIgniter.php(499): CodeIgniter\CodeIgniter->runController(Object(App\Controllers\Film))
 7 SYSTEMPATH\CodeIgniter.php(368): CodeIgniter\CodeIgniter->handleRequest(null, Object(Config\Cache), false)
 8 FCPATH\index.php(67): CodeIgniter\CodeIgniter->run()
 9 SYSTEMPATH\Commands\Server\rewrite.php(47): require_once('C:\\xampp\\htdocs\\fafa10\\public\\index.php')
CRITICAL - 2023-06-20 18:36:28 --> Invalid file: "film/genre.php"
in SYSTEMPATH\Exceptions\FrameworkException.php on line 33.
 1 SYSTEMPATH\View\View.php(201): CodeIgniter\Exceptions\FrameworkException::forInvalidFile('film/genre.php')
 2 SYSTEMPATH\Common.php(1184): CodeIgniter\View\View->render('film/genre', [], true)
 3 APPPATH\Controllers\Genre.php(28): view('film/genre', [...])
 4 SYSTEMPATH\CodeIgniter.php(934): App\Controllers\Genre->all()
 5 SYSTEMPATH\CodeIgniter.php(499): CodeIgniter\CodeIgniter->runController(Object(App\Controllers\Genre))
 6 SYSTEMPATH\CodeIgniter.php(368): CodeIgniter\CodeIgniter->handleRequest(null, Object(Config\Cache), false)
 7 FCPATH\index.php(67): CodeIgniter\CodeIgniter->run()
 8 SYSTEMPATH\Commands\Server\rewrite.php(47): require_once('C:\\xampp\\htdocs\\fafa10\\public\\index.php')
CRITICAL - 2023-06-20 19:06:00 --> Invalid file: "layout/page_layout.php"
in SYSTEMPATH\Exceptions\FrameworkException.php on line 33.
 1 SYSTEMPATH\View\View.php(201): CodeIgniter\Exceptions\FrameworkException::forInvalidFile('layout/page_layout.php')
 2 SYSTEMPATH\View\View.php(229): CodeIgniter\View\View->render('layout/page_layout', [], true)
 3 SYSTEMPATH\Common.php(1184): CodeIgniter\View\View->render('about', [], true)
 4 APPPATH\Controllers\About.php(11): view('about')
 5 SYSTEMPATH\CodeIgniter.php(934): App\Controllers\About->index()
 6 SYSTEMPATH\CodeIgniter.php(499): CodeIgniter\CodeIgniter->runController(Object(App\Controllers\About))
 7 SYSTEMPATH\CodeIgniter.php(368): CodeIgniter\CodeIgniter->handleRequest(null, Object(Config\Cache), false)
 8 FCPATH\index.php(67): CodeIgniter\CodeIgniter->run()
 9 SYSTEMPATH\Commands\Server\rewrite.php(47): require_once('C:\\xampp\\htdocs\\fafa10\\public\\index.php')
